  [1m[35m (0.1ms)[0m  [1m[34mSELECT sqlite_version(*)[0m
  [1m[35m (2.0ms)[0m  [1m[35mCREATE TABLE "schema_migrations" ("version" varchar NOT NULL PRIMARY KEY)[0m
  [1m[35m (1.1ms)[0m  [1m[35mCREATE TABLE "ar_internal_metadata" ("key" varchar NOT NULL PRIMARY KEY, "value" varchar, "created_at" datetime NOT NULL, "updated_at" datetime NOT NULL)[0m
  [1m[35m (0.1ms)[0m  [1m[34mSELECT "schema_migrations"."version" FROM "schema_migrations" ORDER BY "schema_migrations"."version" ASC[0m
Migrating to CreateLists (20180310001255)
  [1m[35m (0.1ms)[0m  [1m[36mbegin transaction[0m
  [1m[35m (0.4ms)[0m  [1m[35mCREATE TABLE "lists" ("id" INTEGER PRIMARY KEY AUTOINCREMENT NOT NULL, "content" varchar, "created_at" datetime NOT NULL, "updated_at" datetime NOT NULL)[0m
  [1m[35mSQL (0.2ms)[0m  [1m[32mINSERT INTO "schema_migrations" ("version") VALUES (?)[0m  [["version", "20180310001255"]]
  [1m[35m (0.8ms)[0m  [1m[36mcommit transaction[0m
  [1m[36mActiveRecord::InternalMetadata Load (0.1ms)[0m  [1m[34mSELECT  "ar_internal_metadata".* FROM "ar_internal_metadata" WHERE "ar_internal_metadata"."key" = ? LIMIT ?[0m  [["key", "environment"], ["LIMIT", 1]]
  [1m[35m (0.0ms)[0m  [1m[36mbegin transaction[0m
  [1m[35mSQL (0.3ms)[0m  [1m[32mINSERT INTO "ar_internal_metadata" ("key", "value", "created_at", "updated_at") VALUES (?, ?, ?, ?)[0m  [["key", "environment"], ["value", "development"], ["created_at", "2018-03-10 00:13:03.386658"], ["updated_at", "2018-03-10 00:13:03.386658"]]
  [1m[35m (0.7ms)[0m  [1m[36mcommit transaction[0m
  [1m[35m (0.1ms)[0m  [1m[34mSELECT "schema_migrations"."version" FROM "schema_migrations" ORDER BY "schema_migrations"."version" ASC[0m
  [1m[35m (0.1ms)[0m  [1m[34mSELECT "schema_migrations"."version" FROM "schema_migrations" ORDER BY "schema_migrations"."version" ASC[0m
Migrating to CreateItems (20180310001341)
  [1m[35m (0.1ms)[0m  [1m[36mbegin transaction[0m
  [1m[35m (0.1ms)[0m  [1m[34mSELECT sqlite_version(*)[0m
  [1m[35m (0.4ms)[0m  [1m[35mCREATE TABLE "items" ("id" INTEGER PRIMARY KEY AUTOINCREMENT NOT NULL, "content" varchar, "status" boolean, "list_id" integer, "created_at" datetime NOT NULL, "updated_at" datetime NOT NULL, CONSTRAINT "fk_rails_86a294a765"
FOREIGN KEY ("list_id")
  REFERENCES "lists" ("id")
)[0m
  [1m[35m (0.1ms)[0m  [1m[35mCREATE  INDEX "index_items_on_list_id" ON "items" ("list_id")[0m
  [1m[35mSQL (0.2ms)[0m  [1m[32mINSERT INTO "schema_migrations" ("version") VALUES (?)[0m  [["version", "20180310001341"]]
  [1m[35m (1.7ms)[0m  [1m[36mcommit transaction[0m
  [1m[36mActiveRecord::InternalMetadata Load (0.1ms)[0m  [1m[34mSELECT  "ar_internal_metadata".* FROM "ar_internal_metadata" WHERE "ar_internal_metadata"."key" = ? LIMIT ?[0m  [["key", "environment"], ["LIMIT", 1]]
  [1m[35m (0.0ms)[0m  [1m[36mbegin transaction[0m
  [1m[35m (0.0ms)[0m  [1m[36mcommit transaction[0m
  [1m[35m (0.1ms)[0m  [1m[34mSELECT "schema_migrations"."version" FROM "schema_migrations" ORDER BY "schema_migrations"."version" ASC[0m
  [1m[35m (0.1ms)[0m  [1m[34m            SELECT sql
            FROM sqlite_master
            WHERE name='index_items_on_list_id' AND type='index'
            UNION ALL
            SELECT sql
            FROM sqlite_temp_master
            WHERE name='index_items_on_list_id' AND type='index'
[0m
Started GET "/items" for 127.0.0.1 at 2018-03-09 19:13:55 -0500
  [1m[35m (0.4ms)[0m  [1m[34mSELECT "schema_migrations"."version" FROM "schema_migrations" ORDER BY "schema_migrations"."version" ASC[0m
Processing by ItemsController#index as HTML
  Rendering items/index.html.erb within layouts/application
  [1m[36mItem Load (0.2ms)[0m  [1m[34mSELECT "items".* FROM "items"[0m
  Rendered items/index.html.erb within layouts/application (2.7ms)
Completed 200 OK in 1097ms (Views: 1083.7ms | ActiveRecord: 0.4ms)


Started GET "/lists" for 127.0.0.1 at 2018-03-09 19:14:01 -0500
Processing by ListsController#index as HTML
  Rendering lists/index.html.erb within layouts/application
  [1m[36mList Load (0.2ms)[0m  [1m[34mSELECT "lists".* FROM "lists"[0m
  Rendered lists/index.html.erb within layouts/application (4.3ms)
Completed 200 OK in 43ms (Views: 36.5ms | ActiveRecord: 1.0ms)


Started GET "/lists/new" for 127.0.0.1 at 2018-03-09 19:14:02 -0500
Processing by ListsController#new as HTML
  Rendering lists/new.html.erb within layouts/application
  Rendered lists/_form.html.erb (21.9ms)
  Rendered lists/new.html.erb within layouts/application (28.2ms)
Completed 200 OK in 79ms (Views: 65.2ms | ActiveRecord: 2.1ms)


Started POST "/lists" for 127.0.0.1 at 2018-03-09 19:14:05 -0500
Processing by ListsController#create as HTML
  Parameters: {"utf8"=>"✓", "authenticity_token"=>"/nE9VYl3eLdrY4fNliE+mdD7LlMLewsR5YilEWlof0w2Xb+WBWyb7kDoKcmkGk15W/4mzaZUEjtS2wOgUpi0qw==", "list"=>{"content"=>"to do"}, "commit"=>"Create List"}
  [1m[35m (0.1ms)[0m  [1m[36mbegin transaction[0m
  [1m[35mSQL (0.8ms)[0m  [1m[32mINSERT INTO "lists" ("content", "created_at", "updated_at") VALUES (?, ?, ?)[0m  [["content", "to do"], ["created_at", "2018-03-10 00:14:05.287060"], ["updated_at", "2018-03-10 00:14:05.287060"]]
  [1m[35m (0.8ms)[0m  [1m[36mcommit transaction[0m
Redirected to http://localhost:3000/lists/1
Completed 302 Found in 8ms (ActiveRecord: 1.7ms)


Started GET "/lists/1" for 127.0.0.1 at 2018-03-09 19:14:05 -0500
Processing by ListsController#show as HTML
  Parameters: {"id"=>"1"}
  [1m[36mList Load (0.2ms)[0m  [1m[34mSELECT  "lists".* FROM "lists" WHERE "lists"."id" = ? LIMIT ?[0m  [["id", 1], ["LIMIT", 1]]
  Rendering lists/show.html.erb within layouts/application
  Rendered lists/show.html.erb within layouts/application (0.9ms)
Completed 200 OK in 42ms (Views: 34.9ms | ActiveRecord: 0.2ms)


Started GET "/lists" for 127.0.0.1 at 2018-03-09 19:14:06 -0500
Processing by ListsController#index as HTML
  Rendering lists/index.html.erb within layouts/application
  [1m[36mList Load (0.3ms)[0m  [1m[34mSELECT "lists".* FROM "lists"[0m
  Rendered lists/index.html.erb within layouts/application (8.3ms)
Completed 200 OK in 56ms (Views: 48.2ms | ActiveRecord: 0.3ms)


Started GET "/items/new" for 127.0.0.1 at 2018-03-09 19:14:12 -0500
Processing by ItemsController#new as HTML
  Rendering items/new.html.erb within layouts/application
  Rendered items/_form.html.erb (6.0ms)
  Rendered items/new.html.erb within layouts/application (9.5ms)
Completed 200 OK in 52ms (Views: 32.1ms | ActiveRecord: 1.2ms)


Started POST "/items" for 127.0.0.1 at 2018-03-09 19:14:21 -0500
Processing by ItemsController#create as HTML
  Parameters: {"utf8"=>"✓", "authenticity_token"=>"BxmpgY+WeswzPoiyAoy8Msx3T/W3ZMtwj+dxxlVSVQKBQ3jv3ReygRN4BJFeRlIr2ZthepTvkMpsuQQEEkB2sg==", "item"=>{"content"=>"show up", "status"=>"1", "list_id"=>"1"}, "commit"=>"Create Item"}
  [1m[35m (0.1ms)[0m  [1m[36mbegin transaction[0m
  [1m[36mList Load (0.4ms)[0m  [1m[34mSELECT  "lists".* FROM "lists" WHERE "lists"."id" = ? LIMIT ?[0m  [["id", 1], ["LIMIT", 1]]
  [1m[35mSQL (0.5ms)[0m  [1m[32mINSERT INTO "items" ("content", "status", "list_id", "created_at", "updated_at") VALUES (?, ?, ?, ?, ?)[0m  [["content", "show up"], ["status", "t"], ["list_id", 1], ["created_at", "2018-03-10 00:14:21.470514"], ["updated_at", "2018-03-10 00:14:21.470514"]]
  [1m[35m (0.9ms)[0m  [1m[36mcommit transaction[0m
Redirected to http://localhost:3000/items/1
Completed 302 Found in 26ms (ActiveRecord: 2.0ms)


Started GET "/items/1" for 127.0.0.1 at 2018-03-09 19:14:21 -0500
Processing by ItemsController#show as HTML
  Parameters: {"id"=>"1"}
  [1m[36mItem Load (0.4ms)[0m  [1m[34mSELECT  "items".* FROM "items" WHERE "items"."id" = ? LIMIT ?[0m  [["id", 1], ["LIMIT", 1]]
  Rendering items/show.html.erb within layouts/application
  [1m[36mList Load (0.1ms)[0m  [1m[34mSELECT  "lists".* FROM "lists" WHERE "lists"."id" = ? LIMIT ?[0m  [["id", 1], ["LIMIT", 1]]
  Rendered items/show.html.erb within layouts/application (1.8ms)
Completed 200 OK in 27ms (Views: 21.0ms | ActiveRecord: 0.5ms)


Started GET "/items" for 127.0.0.1 at 2018-03-09 19:14:23 -0500
Processing by ItemsController#index as HTML
  Rendering items/index.html.erb within layouts/application
  [1m[36mItem Load (0.3ms)[0m  [1m[34mSELECT "items".* FROM "items"[0m
  [1m[36mList Load (0.2ms)[0m  [1m[34mSELECT  "lists".* FROM "lists" WHERE "lists"."id" = ? LIMIT ?[0m  [["id", 1], ["LIMIT", 1]]
  Rendered items/index.html.erb within layouts/application (4.0ms)
Completed 200 OK in 43ms (Views: 36.9ms | ActiveRecord: 0.5ms)


Started GET "/items" for 127.0.0.1 at 2018-03-09 19:14:44 -0500
Processing by ItemsController#index as HTML
  Rendering items/index.html.erb within layouts/application
  [1m[36mItem Load (0.5ms)[0m  [1m[34mSELECT "items".* FROM "items"[0m
  [1m[36mList Load (0.2ms)[0m  [1m[34mSELECT  "lists".* FROM "lists" WHERE "lists"."id" = ? LIMIT ?[0m  [["id", 1], ["LIMIT", 1]]
  Rendered items/index.html.erb within layouts/application (3.7ms)
Completed 200 OK in 30ms (Views: 27.3ms | ActiveRecord: 0.6ms)


Started GET "/" for 127.0.0.1 at 2018-03-09 19:14:51 -0500
Processing by Rails::WelcomeController#index as HTML
  Rendering /Users/oliviasteger/.rvm/gems/ruby-2.4.1/gems/railties-5.1.5/lib/rails/templates/rails/welcome/index.html.erb
  Rendered /Users/oliviasteger/.rvm/gems/ruby-2.4.1/gems/railties-5.1.5/lib/rails/templates/rails/welcome/index.html.erb (2.7ms)
Completed 200 OK in 14ms (Views: 7.3ms | ActiveRecord: 0.0ms)


Started GET "/items/" for 127.0.0.1 at 2018-03-09 19:14:55 -0500
Processing by ItemsController#index as HTML
  Rendering items/index.html.erb within layouts/application
  [1m[36mItem Load (0.2ms)[0m  [1m[34mSELECT "items".* FROM "items"[0m
  [1m[36mList Load (0.1ms)[0m  [1m[34mSELECT  "lists".* FROM "lists" WHERE "lists"."id" = ? LIMIT ?[0m  [["id", 1], ["LIMIT", 1]]
  Rendered items/index.html.erb within layouts/application (3.2ms)
Completed 200 OK in 32ms (Views: 29.1ms | ActiveRecord: 0.3ms)


Started GET "/items/" for 127.0.0.1 at 2018-03-09 19:17:43 -0500
Processing by ItemsController#index as HTML
  Rendering items/index.html.erb within layouts/application
  [1m[36mItem Load (0.2ms)[0m  [1m[34mSELECT "items".* FROM "items"[0m
  [1m[36mList Load (0.2ms)[0m  [1m[34mSELECT  "lists".* FROM "lists" WHERE "lists"."id" = ? LIMIT ?[0m  [["id", 1], ["LIMIT", 1]]
  Rendered items/index.html.erb within layouts/application (3.2ms)
Completed 200 OK in 37ms (Views: 33.1ms | ActiveRecord: 0.4ms)


Started GET "/items/new" for 127.0.0.1 at 2018-03-09 19:17:45 -0500
Processing by ItemsController#new as HTML
  Rendering items/new.html.erb within layouts/application
  Rendered items/_form.html.erb (7.0ms)
  Rendered items/new.html.erb within layouts/application (14.4ms)
Completed 200 OK in 54ms (Views: 48.8ms | ActiveRecord: 0.0ms)


Started POST "/items" for 127.0.0.1 at 2018-03-09 19:17:56 -0500
Processing by ItemsController#create as HTML
  Parameters: {"utf8"=>"✓", "authenticity_token"=>"UNQS7+Y3RyBcbp0c2U70rTfWua6W4X/zlQxYehw6pjs7v4aglRkeaTk/4ojVSNFumuT4GVHv+KazqbPmH69sEw==", "item"=>{"content"=>"say hello", "status"=>"0", "list_id"=>"1"}, "commit"=>"Create Item"}
  [1m[35m (0.1ms)[0m  [1m[36mbegin transaction[0m
  [1m[36mList Load (0.2ms)[0m  [1m[34mSELECT  "lists".* FROM "lists" WHERE "lists"."id" = ? LIMIT ?[0m  [["id", 1], ["LIMIT", 1]]
  [1m[35mSQL (0.7ms)[0m  [1m[32mINSERT INTO "items" ("content", "status", "list_id", "created_at", "updated_at") VALUES (?, ?, ?, ?, ?)[0m  [["content", "say hello"], ["status", "f"], ["list_id", 1], ["created_at", "2018-03-10 00:17:56.853893"], ["updated_at", "2018-03-10 00:17:56.853893"]]
  [1m[35m (1.9ms)[0m  [1m[36mcommit transaction[0m
Redirected to http://localhost:3000/items/2
Completed 302 Found in 10ms (ActiveRecord: 2.9ms)


Started GET "/items/2" for 127.0.0.1 at 2018-03-09 19:17:56 -0500
Processing by ItemsController#show as HTML
  Parameters: {"id"=>"2"}
  [1m[36mItem Load (0.2ms)[0m  [1m[34mSELECT  "items".* FROM "items" WHERE "items"."id" = ? LIMIT ?[0m  [["id", 2], ["LIMIT", 1]]
  Rendering items/show.html.erb within layouts/application
  [1m[36mList Load (0.2ms)[0m  [1m[34mSELECT  "lists".* FROM "lists" WHERE "lists"."id" = ? LIMIT ?[0m  [["id", 1], ["LIMIT", 1]]
  Rendered items/show.html.erb within layouts/application (3.6ms)
Completed 200 OK in 33ms (Views: 27.7ms | ActiveRecord: 0.5ms)


Started GET "/items" for 127.0.0.1 at 2018-03-09 19:18:00 -0500
Processing by ItemsController#index as HTML
  Rendering items/index.html.erb within layouts/application
  [1m[36mItem Load (0.3ms)[0m  [1m[34mSELECT "items".* FROM "items"[0m
  [1m[36mList Load (0.2ms)[0m  [1m[34mSELECT  "lists".* FROM "lists" WHERE "lists"."id" = ? LIMIT ?[0m  [["id", 1], ["LIMIT", 1]]
  [1m[36mCACHE List Load (0.0ms)[0m  [1m[34mSELECT  "lists".* FROM "lists" WHERE "lists"."id" = ? LIMIT ?[0m  [["id", 1], ["LIMIT", 1]]
  Rendered items/index.html.erb within layouts/application (6.0ms)
Completed 200 OK in 52ms (Views: 47.0ms | ActiveRecord: 0.6ms)


Started GET "/items/1/edit" for 127.0.0.1 at 2018-03-09 19:18:03 -0500
Processing by ItemsController#edit as HTML
  Parameters: {"id"=>"1"}
  [1m[36mItem Load (0.2ms)[0m  [1m[34mSELECT  "items".* FROM "items" WHERE "items"."id" = ? LIMIT ?[0m  [["id", 1], ["LIMIT", 1]]
  Rendering items/edit.html.erb within layouts/application
  Rendered items/_form.html.erb (4.5ms)
  Rendered items/edit.html.erb within layouts/application (13.1ms)
Completed 200 OK in 54ms (Views: 47.7ms | ActiveRecord: 0.2ms)


Started PATCH "/items/1" for 127.0.0.1 at 2018-03-09 19:18:05 -0500
Processing by ItemsController#update as HTML
  Parameters: {"utf8"=>"✓", "authenticity_token"=>"KbkmPltn/FE0YNDEuj5gTOz0xJUHiE/oBacspQUOznKfxWo11lruwcuq3xrGyiu+AjZlCQYYcyG/pDm99eoUPw==", "item"=>{"content"=>"show up", "status"=>"1", "list_id"=>"1"}, "commit"=>"Update Item", "id"=>"1"}
  [1m[36mItem Load (0.2ms)[0m  [1m[34mSELECT  "items".* FROM "items" WHERE "items"."id" = ? LIMIT ?[0m  [["id", 1], ["LIMIT", 1]]
  [1m[35m (0.1ms)[0m  [1m[36mbegin transaction[0m
  [1m[36mList Load (0.4ms)[0m  [1m[34mSELECT  "lists".* FROM "lists" WHERE "lists"."id" = ? LIMIT ?[0m  [["id", 1], ["LIMIT", 1]]
  [1m[35m (0.1ms)[0m  [1m[36mcommit transaction[0m
Redirected to http://localhost:3000/items/1
Completed 302 Found in 9ms (ActiveRecord: 0.8ms)


Started GET "/items/1" for 127.0.0.1 at 2018-03-09 19:18:05 -0500
Processing by ItemsController#show as HTML
  Parameters: {"id"=>"1"}
  [1m[36mItem Load (0.1ms)[0m  [1m[34mSELECT  "items".* FROM "items" WHERE "items"."id" = ? LIMIT ?[0m  [["id", 1], ["LIMIT", 1]]
  Rendering items/show.html.erb within layouts/application
  [1m[36mList Load (0.1ms)[0m  [1m[34mSELECT  "lists".* FROM "lists" WHERE "lists"."id" = ? LIMIT ?[0m  [["id", 1], ["LIMIT", 1]]
  Rendered items/show.html.erb within layouts/application (2.1ms)
Completed 200 OK in 31ms (Views: 28.1ms | ActiveRecord: 0.3ms)


Started GET "/items" for 127.0.0.1 at 2018-03-09 19:18:07 -0500
Processing by ItemsController#index as HTML
  Rendering items/index.html.erb within layouts/application
  [1m[36mItem Load (0.6ms)[0m  [1m[34mSELECT "items".* FROM "items"[0m
  [1m[36mList Load (0.2ms)[0m  [1m[34mSELECT  "lists".* FROM "lists" WHERE "lists"."id" = ? LIMIT ?[0m  [["id", 1], ["LIMIT", 1]]
  [1m[36mCACHE List Load (0.1ms)[0m  [1m[34mSELECT  "lists".* FROM "lists" WHERE "lists"."id" = ? LIMIT ?[0m  [["id", 1], ["LIMIT", 1]]
  Rendered items/index.html.erb within layouts/application (8.3ms)
Completed 200 OK in 50ms (Views: 41.4ms | ActiveRecord: 0.8ms)


Started GET "/items/2/edit" for 127.0.0.1 at 2018-03-09 19:18:08 -0500
Processing by ItemsController#edit as HTML
  Parameters: {"id"=>"2"}
  [1m[36mItem Load (0.3ms)[0m  [1m[34mSELECT  "items".* FROM "items" WHERE "items"."id" = ? LIMIT ?[0m  [["id", 2], ["LIMIT", 1]]
  Rendering items/edit.html.erb within layouts/application
  Rendered items/_form.html.erb (2.4ms)
  Rendered items/edit.html.erb within layouts/application (7.9ms)
Completed 200 OK in 53ms (Views: 49.8ms | ActiveRecord: 0.3ms)


Started PATCH "/items/2" for 127.0.0.1 at 2018-03-09 19:18:10 -0500
Processing by ItemsController#update as HTML
  Parameters: {"utf8"=>"✓", "authenticity_token"=>"eXFg4DWRNSkqyIlXsMhwcrR8+/N1jkjeXH9wYa9YVrHfxofCCEdgKLgyae4ciUU8FgmH/CVOxUTawu/+cC7c1w==", "item"=>{"content"=>"say hello", "status"=>"1", "list_id"=>"1"}, "commit"=>"Update Item", "id"=>"2"}
  [1m[36mItem Load (0.1ms)[0m  [1m[34mSELECT  "items".* FROM "items" WHERE "items"."id" = ? LIMIT ?[0m  [["id", 2], ["LIMIT", 1]]
  [1m[35m (0.0ms)[0m  [1m[36mbegin transaction[0m
  [1m[36mList Load (0.1ms)[0m  [1m[34mSELECT  "lists".* FROM "lists" WHERE "lists"."id" = ? LIMIT ?[0m  [["id", 1], ["LIMIT", 1]]
  [1m[35mSQL (0.5ms)[0m  [1m[33mUPDATE "items" SET "status" = ?, "updated_at" = ? WHERE "items"."id" = ?[0m  [["status", "t"], ["updated_at", "2018-03-10 00:18:10.564925"], ["id", 2]]
  [1m[35m (0.7ms)[0m  [1m[36mcommit transaction[0m
Redirected to http://localhost:3000/items/2
Completed 302 Found in 8ms (ActiveRecord: 1.6ms)


Started GET "/items/2" for 127.0.0.1 at 2018-03-09 19:18:10 -0500
Processing by ItemsController#show as HTML
  Parameters: {"id"=>"2"}
  [1m[36mItem Load (0.2ms)[0m  [1m[34mSELECT  "items".* FROM "items" WHERE "items"."id" = ? LIMIT ?[0m  [["id", 2], ["LIMIT", 1]]
  Rendering items/show.html.erb within layouts/application
  [1m[36mList Load (0.1ms)[0m  [1m[34mSELECT  "lists".* FROM "lists" WHERE "lists"."id" = ? LIMIT ?[0m  [["id", 1], ["LIMIT", 1]]
  Rendered items/show.html.erb within layouts/application (1.6ms)
Completed 200 OK in 32ms (Views: 28.8ms | ActiveRecord: 0.3ms)


Started GET "/lists" for 127.0.0.1 at 2018-03-09 19:18:17 -0500
Processing by ListsController#index as HTML
  Rendering lists/index.html.erb within layouts/application
  [1m[36mList Load (0.2ms)[0m  [1m[34mSELECT "lists".* FROM "lists"[0m
  Rendered lists/index.html.erb within layouts/application (1.9ms)
Completed 200 OK in 36ms (Views: 32.9ms | ActiveRecord: 0.2ms)


